WARN  2016-07-05 12:27:28,086 (StunServiceImpl.java:420) received no response from STUN server stunserver.org/69.172.201.153:3478 at local address /192.168.1.33:0
WARN  2016-07-05 12:27:28,087 (StunServiceImpl.java:420) received no response from STUN server stunserver.org/69.172.201.153:3478 at local address /192.168.43.1:0
WARN  2016-07-05 12:35:01,031 (Socks5Transport.java:411) [SOCKS5Transport] Couldn't accept request but still trying to establish a response connection: Could not establish socket with any provided host
ERROR 2016-07-05 12:35:05,854 (Socks5Transport.java:440) An error occurred while establishing a response connection 
item-not-found(404) Could not establish socket with any provided host
	at org.jivesoftware.smack.util.SyncPacketSend.getReply(SyncPacketSend.java:54)
	at org.jivesoftware.smackx.bytestreams.socks5.Socks5BytestreamManager.establishSession(Socks5BytestreamManager.java:481)
	at org.jivesoftware.smackx.bytestreams.socks5.Socks5BytestreamManager.establishSession(Socks5BytestreamManager.java:83)
	at de.fu_berlin.inf.dpp.net.internal.Socks5Transport.establishResponseSession(Socks5Transport.java:631)
	at de.fu_berlin.inf.dpp.net.internal.Socks5Transport$1.call(Socks5Transport.java:108)
	at de.fu_berlin.inf.dpp.net.internal.Socks5Transport$1.call(Socks5Transport.java:1)
	at java.util.concurrent.FutureTask.run(Unknown Source)
	at java.util.concurrent.ThreadPoolExecutor.runWorker(Unknown Source)
	at java.util.concurrent.ThreadPoolExecutor$Worker.run(Unknown Source)
	at java.lang.Thread.run(Unknown Source)
ERROR 2016-07-05 12:35:05,903 (ByteStreamTransport.java:105) could not establish bytestream connection to davidpujol@saros-con.imp.fu-berlin.de/Saros
java.io.IOException: [SOCKS5Transport] Neither connection could be established. 
	at de.fu_berlin.inf.dpp.net.internal.Socks5Transport.acceptNewRequest(Socks5Transport.java:446)
	at de.fu_berlin.inf.dpp.net.internal.Socks5Transport.acceptRequest(Socks5Transport.java:474)
	at de.fu_berlin.inf.dpp.net.internal.ByteStreamTransport$1.incomingBytestreamRequest(ByteStreamTransport.java:77)
	at org.jivesoftware.smackx.bytestreams.socks5.InitiationListener.processRequest(InitiationListener.java:91)
	at org.jivesoftware.smackx.bytestreams.socks5.InitiationListener.access$000(InitiationListener.java:37)
	at org.jivesoftware.smackx.bytestreams.socks5.InitiationListener$1.run(InitiationListener.java:63)
	at java.util.concurrent.ThreadPoolExecutor.runWorker(Unknown Source)
	at java.util.concurrent.ThreadPoolExecutor$Worker.run(Unknown Source)
	at java.lang.Thread.run(Unknown Source)
ERROR 2016-07-05 12:35:42,755 (ByteStreamTransport.java:105) could not establish bytestream connection to davidpujol@saros-con.imp.fu-berlin.de/Saros
Could not establish socket with any provided host: item-not-found(404) Could not establish socket with any provided host
	at org.jivesoftware.smackx.bytestreams.socks5.Socks5BytestreamRequest.cancelRequest(Socks5BytestreamRequest.java:277)
	at org.jivesoftware.smackx.bytestreams.socks5.Socks5BytestreamRequest.accept(Socks5BytestreamRequest.java:247)
	at org.jivesoftware.smackx.bytestreams.socks5.Socks5BytestreamRequest.accept(Socks5BytestreamRequest.java:34)
	at de.fu_berlin.inf.dpp.net.internal.Socks5Transport.handleResponse(Socks5Transport.java:315)
	at de.fu_berlin.inf.dpp.net.internal.Socks5Transport.acceptRequest(Socks5Transport.java:471)
	at de.fu_berlin.inf.dpp.net.internal.ByteStreamTransport$1.incomingBytestreamRequest(ByteStreamTransport.java:77)
	at org.jivesoftware.smackx.bytestreams.socks5.InitiationListener.processRequest(InitiationListener.java:91)
	at org.jivesoftware.smackx.bytestreams.socks5.InitiationListener.access$000(InitiationListener.java:37)
	at org.jivesoftware.smackx.bytestreams.socks5.InitiationListener$1.run(InitiationListener.java:63)
	at java.util.concurrent.ThreadPoolExecutor.runWorker(Unknown Source)
	at java.util.concurrent.ThreadPoolExecutor$Worker.run(Unknown Source)
	at java.lang.Thread.run(Unknown Source)
WARN  2016-07-05 12:35:46,567 (Socks5Transport.java:544) [SOCKS5Transport] could not establish a connection to davidpujol@saros-con.imp.fu-berlin.de/Saros, remote side could not connect to any offered stream hosts: item-not-found(404) Could not establish socket with any provided host
WARN  2016-07-05 12:36:16,569 (DataTransferManager.java:415) failed to connect to davidpujol@saros-con.imp.fu-berlin.de/Saros using transport: XMPP-Socks5-Transport
java.io.IOException: [SOCKS5Transport] waiting for a response session timed out (30000ms) and could not establish a connection from this side, too:
	at de.fu_berlin.inf.dpp.net.internal.Socks5Transport.establishBinaryChannel(Socks5Transport.java:592)
	at de.fu_berlin.inf.dpp.net.internal.ByteStreamTransport.connect(ByteStreamTransport.java:48)
	at de.fu_berlin.inf.dpp.net.internal.DataTransferManager.connectInternal(DataTransferManager.java:412)
	at de.fu_berlin.inf.dpp.net.internal.DataTransferManager.sendData(DataTransferManager.java:242)
	at de.fu_berlin.inf.dpp.net.internal.XMPPTransmitter.send(XMPPTransmitter.java:88)
	at de.fu_berlin.inf.dpp.net.internal.XMPPTransmitter.send(XMPPTransmitter.java:64)
	at de.fu_berlin.inf.dpp.whiteboard.net.SarosSXETransmitter.sendWithoutDispatch(SarosSXETransmitter.java:137)
	at de.fu_berlin.inf.dpp.whiteboard.net.SarosSXETransmitter.sendAndAwait(SarosSXETransmitter.java:162)
	at de.fu_berlin.inf.dpp.whiteboard.sxe.net.SXEOutgoingSynchronizationProcess.start(SXEOutgoingSynchronizationProcess.java:58)
	at de.fu_berlin.inf.dpp.whiteboard.net.WhiteboardManager$1.postOutgoingInvitationCompleted(WhiteboardManager.java:96)
	at de.fu_berlin.inf.dpp.project.SarosSessionManager.postOutgoingInvitationCompleted(SarosSessionManager.java:667)
	at de.fu_berlin.inf.dpp.negotiation.OutgoingSessionNegotiation.start(OutgoingSessionNegotiation.java:202)
	at de.fu_berlin.inf.dpp.ui.eventhandler.NegotiationHandler$OutgoingInvitationJob.run(NegotiationHandler.java:86)
	at org.eclipse.core.internal.jobs.Worker.run(Worker.java:55)
Caused by: item-not-found(404) Could not establish socket with any provided host
	at org.jivesoftware.smack.util.SyncPacketSend.getReply(SyncPacketSend.java:54)
	at org.jivesoftware.smackx.bytestreams.socks5.Socks5BytestreamManager.establishSession(Socks5BytestreamManager.java:481)
	at org.jivesoftware.smackx.bytestreams.socks5.Socks5BytestreamManager.establishSession(Socks5BytestreamManager.java:83)
	at de.fu_berlin.inf.dpp.net.internal.Socks5Transport.establishBinaryChannel(Socks5Transport.java:512)
	... 13 more
ERROR 2016-07-05 13:02:44,174 (DataTransferManager.java:270) failed to send TransferDescription [elementName=ping, namespace=de.fu_berlin.inf.dpp, recipient=davidpujol@saros-con.imp.fu-berlin.de/Saros, sender=oriol@saros-con.imp.fu-berlin.de/Saros, compress=true], connection=[mode=IBB, id=saros-main-session] davidpujol@saros-con.imp.fu-berlin.de/Saros:connection is closed
java.io.EOFException: connection is closed
	at de.fu_berlin.inf.dpp.net.internal.BinaryChannelConnection.send(BinaryChannelConnection.java:216)
	at de.fu_berlin.inf.dpp.net.internal.DataTransferManager.sendInternal(DataTransferManager.java:268)
	at de.fu_berlin.inf.dpp.net.internal.DataTransferManager.sendData(DataTransferManager.java:216)
	at de.fu_berlin.inf.dpp.net.internal.XMPPTransmitter.send(XMPPTransmitter.java:90)
	at de.fu_berlin.inf.dpp.project.internal.timeout.ServerSessionTimeoutHandler$3.run(ServerSessionTimeoutHandler.java:103)
	at de.fu_berlin.inf.dpp.util.ThreadUtils$1.run(ThreadUtils.java:38)
	at java.lang.Thread.run(Unknown Source)
ERROR 2016-07-05 13:02:44,174 (DataTransferManager.java:270) failed to send TransferDescription [elementName=ados, namespace=de.fu_berlin.inf.dpp, recipient=davidpujol@saros-con.imp.fu-berlin.de/Saros, sender=oriol@saros-con.imp.fu-berlin.de/Saros, compress=true], connection=[mode=IBB, id=saros-main-session] davidpujol@saros-con.imp.fu-berlin.de/Saros:Error while closing stream: No response from server.
java.io.IOException: Error while closing stream: No response from server.
	at org.jivesoftware.smackx.bytestreams.ibb.InBandBytestreamSession.closeByLocal(InBandBytestreamSession.java:213)
	at org.jivesoftware.smackx.bytestreams.ibb.InBandBytestreamSession.close(InBandBytestreamSession.java:154)
	at org.jivesoftware.smackx.bytestreams.ibb.InBandBytestreamSession$IQIBBOutputStream.writeToXML(InBandBytestreamSession.java:768)
	at org.jivesoftware.smackx.bytestreams.ibb.InBandBytestreamSession$IBBOutputStream.flushBuffer(InBandBytestreamSession.java:707)
	at org.jivesoftware.smackx.bytestreams.ibb.InBandBytestreamSession$IBBOutputStream.flush(InBandBytestreamSession.java:691)
	at java.io.BufferedOutputStream.flush(Unknown Source)
	at java.io.DataOutputStream.flush(Unknown Source)
	at de.fu_berlin.inf.dpp.net.internal.BinaryChannelConnection.sendData(BinaryChannelConnection.java:525)
	at de.fu_berlin.inf.dpp.net.internal.BinaryChannelConnection.splitAndSend(BinaryChannelConnection.java:560)
	at de.fu_berlin.inf.dpp.net.internal.BinaryChannelConnection.send(BinaryChannelConnection.java:325)
	at de.fu_berlin.inf.dpp.net.internal.DataTransferManager.sendInternal(DataTransferManager.java:268)
	at de.fu_berlin.inf.dpp.net.internal.DataTransferManager.sendData(DataTransferManager.java:216)
	at de.fu_berlin.inf.dpp.net.internal.XMPPTransmitter.send(XMPPTransmitter.java:90)
	at de.fu_berlin.inf.dpp.project.internal.ActivitySequencer.sendActivities(ActivitySequencer.java:501)
	at de.fu_berlin.inf.dpp.project.internal.ActivitySequencer.access$3(ActivitySequencer.java:482)
	at de.fu_berlin.inf.dpp.project.internal.ActivitySequencer$2.run(ActivitySequencer.java:152)
	at de.fu_berlin.inf.dpp.util.ThreadUtils$1.run(ThreadUtils.java:38)
	at java.lang.Thread.run(Unknown Source)
ERROR 2016-07-05 13:02:44,177 (ServerSessionTimeoutHandler.java:113) failed to send ping to: davidpujol@saros-con.imp.fu-berlin.de/Saros
java.io.EOFException: connection is closed
	at de.fu_berlin.inf.dpp.net.internal.BinaryChannelConnection.send(BinaryChannelConnection.java:216)
	at de.fu_berlin.inf.dpp.net.internal.DataTransferManager.sendInternal(DataTransferManager.java:268)
	at de.fu_berlin.inf.dpp.net.internal.DataTransferManager.sendData(DataTransferManager.java:216)
	at de.fu_berlin.inf.dpp.net.internal.XMPPTransmitter.send(XMPPTransmitter.java:90)
	at de.fu_berlin.inf.dpp.project.internal.timeout.ServerSessionTimeoutHandler$3.run(ServerSessionTimeoutHandler.java:103)
	at de.fu_berlin.inf.dpp.util.ThreadUtils$1.run(ThreadUtils.java:38)
	at java.lang.Thread.run(Unknown Source)
ERROR 2016-07-05 13:02:44,184 (ActivitySequencer.java:504) failed to sent activities: [TextSelectionActivity(offset: 230, length: 0, src: oriol@saros-con.imp.fu-berlin.de/Saros, path: SPath [path=src/principal/Frame.java, project=ThreeSquare])]
java.io.IOException: Error while closing stream: No response from server.
	at org.jivesoftware.smackx.bytestreams.ibb.InBandBytestreamSession.closeByLocal(InBandBytestreamSession.java:213)
	at org.jivesoftware.smackx.bytestreams.ibb.InBandBytestreamSession.close(InBandBytestreamSession.java:154)
	at org.jivesoftware.smackx.bytestreams.ibb.InBandBytestreamSession$IQIBBOutputStream.writeToXML(InBandBytestreamSession.java:768)
	at org.jivesoftware.smackx.bytestreams.ibb.InBandBytestreamSession$IBBOutputStream.flushBuffer(InBandBytestreamSession.java:707)
	at org.jivesoftware.smackx.bytestreams.ibb.InBandBytestreamSession$IBBOutputStream.flush(InBandBytestreamSession.java:691)
	at java.io.BufferedOutputStream.flush(Unknown Source)
	at java.io.DataOutputStream.flush(Unknown Source)
	at de.fu_berlin.inf.dpp.net.internal.BinaryChannelConnection.sendData(BinaryChannelConnection.java:525)
	at de.fu_berlin.inf.dpp.net.internal.BinaryChannelConnection.splitAndSend(BinaryChannelConnection.java:560)
	at de.fu_berlin.inf.dpp.net.internal.BinaryChannelConnection.send(BinaryChannelConnection.java:325)
	at de.fu_berlin.inf.dpp.net.internal.DataTransferManager.sendInternal(DataTransferManager.java:268)
	at de.fu_berlin.inf.dpp.net.internal.DataTransferManager.sendData(DataTransferManager.java:216)
	at de.fu_berlin.inf.dpp.net.internal.XMPPTransmitter.send(XMPPTransmitter.java:90)
	at de.fu_berlin.inf.dpp.project.internal.ActivitySequencer.sendActivities(ActivitySequencer.java:501)
	at de.fu_berlin.inf.dpp.project.internal.ActivitySequencer.access$3(ActivitySequencer.java:482)
	at de.fu_berlin.inf.dpp.project.internal.ActivitySequencer$2.run(ActivitySequencer.java:152)
	at de.fu_berlin.inf.dpp.util.ThreadUtils$1.run(ThreadUtils.java:38)
	at java.lang.Thread.run(Unknown Source)
ERROR 2016-07-05 15:13:53,185 (BinaryChannelConnection.java:176) failed to gracefully close connection [mode=IBB, id=default] davidpujol@saros-con.imp.fu-berlin.de/Saros
java.io.IOException: Error while closing stream: service-unavailable(503)
	at org.jivesoftware.smackx.bytestreams.ibb.InBandBytestreamSession.closeByLocal(InBandBytestreamSession.java:213)
	at org.jivesoftware.smackx.bytestreams.ibb.InBandBytestreamSession.close(InBandBytestreamSession.java:154)
	at de.fu_berlin.inf.dpp.net.internal.XMPPByteStreamAdapter.close(XMPPByteStreamAdapter.java:32)
	at de.fu_berlin.inf.dpp.net.internal.BinaryChannelConnection.close(BinaryChannelConnection.java:174)
	at de.fu_berlin.inf.dpp.net.internal.ConnectionPool.close(ConnectionPool.java:50)
	at de.fu_berlin.inf.dpp.net.internal.DataTransferManager.disposeConnection(DataTransferManager.java:510)
	at de.fu_berlin.inf.dpp.net.internal.DataTransferManager.connectionStateChanged(DataTransferManager.java:520)
	at de.fu_berlin.inf.dpp.net.xmpp.XMPPConnectionService.setConnectionState(XMPPConnectionService.java:405)
	at de.fu_berlin.inf.dpp.net.xmpp.XMPPConnectionService.disconnect(XMPPConnectionService.java:304)
	at de.fu_berlin.inf.dpp.communication.connection.ConnectionHandler.disconnectXMPPInternal(ConnectionHandler.java:225)
	at de.fu_berlin.inf.dpp.communication.connection.ConnectionHandler.disconnect(ConnectionHandler.java:211)
	at de.fu_berlin.inf.dpp.ui.actions.ChangeXMPPAccountAction$7.run(ChangeXMPPAccountAction.java:218)
	at de.fu_berlin.inf.dpp.util.ThreadUtils$1.run(ThreadUtils.java:38)
	at java.lang.Thread.run(Unknown Source)
WARN  2016-07-05 15:14:15,278 (StunServiceImpl.java:420) received no response from STUN server stunserver.org/69.172.201.153:3478 at local address /192.168.43.1:0
WARN  2016-07-05 15:14:15,279 (StunServiceImpl.java:420) received no response from STUN server stunserver.org/69.172.201.153:3478 at local address /192.168.1.33:0
ERROR 2016-07-05 15:15:00,292 (CancelableProcess.java:398) cancelled process OSN [remote side: davidpujol@saros-con.imp.fu-berlin.de], error: david does not support Saros or the request timed out. Please try again.
WARN  2016-07-05 15:17:16,869 (StunServiceImpl.java:420) received no response from STUN server stunserver.org/69.172.201.153:3478 at local address /192.168.43.1:0
WARN  2016-07-05 15:17:16,872 (StunServiceImpl.java:420) received no response from STUN server stunserver.org/69.172.201.153:3478 at local address /192.168.1.33:0
