WARN  2016-07-08 11:28:02,371 (StunServiceImpl.java:420) received no response from STUN server stunserver.org/69.172.201.153:3478 at local address /192.168.1.33:0
WARN  2016-07-08 11:28:02,375 (StunServiceImpl.java:420) received no response from STUN server stunserver.org/69.172.201.153:3478 at local address /192.168.43.1:0
WARN  2016-07-08 18:52:45,598 (Socks5Transport.java:411) [SOCKS5Transport] Couldn't accept request but still trying to establish a response connection: Could not establish socket with any provided host
ERROR 2016-07-08 18:52:51,978 (Socks5Transport.java:440) An error occurred while establishing a response connection 
item-not-found(404) Could not establish socket with any provided host
	at org.jivesoftware.smack.util.SyncPacketSend.getReply(SyncPacketSend.java:54)
	at org.jivesoftware.smackx.bytestreams.socks5.Socks5BytestreamManager.establishSession(Socks5BytestreamManager.java:481)
	at org.jivesoftware.smackx.bytestreams.socks5.Socks5BytestreamManager.establishSession(Socks5BytestreamManager.java:83)
	at de.fu_berlin.inf.dpp.net.internal.Socks5Transport.establishResponseSession(Socks5Transport.java:631)
	at de.fu_berlin.inf.dpp.net.internal.Socks5Transport$1.call(Socks5Transport.java:108)
	at de.fu_berlin.inf.dpp.net.internal.Socks5Transport$1.call(Socks5Transport.java:1)
	at java.util.concurrent.FutureTask.run(Unknown Source)
	at java.util.concurrent.ThreadPoolExecutor.runWorker(Unknown Source)
	at java.util.concurrent.ThreadPoolExecutor$Worker.run(Unknown Source)
	at java.lang.Thread.run(Unknown Source)
ERROR 2016-07-08 18:52:51,987 (ByteStreamTransport.java:105) could not establish bytestream connection to davidpujol@saros-con.imp.fu-berlin.de/Saros
java.io.IOException: [SOCKS5Transport] Neither connection could be established. 
	at de.fu_berlin.inf.dpp.net.internal.Socks5Transport.acceptNewRequest(Socks5Transport.java:446)
	at de.fu_berlin.inf.dpp.net.internal.Socks5Transport.acceptRequest(Socks5Transport.java:474)
	at de.fu_berlin.inf.dpp.net.internal.ByteStreamTransport$1.incomingBytestreamRequest(ByteStreamTransport.java:77)
	at org.jivesoftware.smackx.bytestreams.socks5.InitiationListener.processRequest(InitiationListener.java:91)
	at org.jivesoftware.smackx.bytestreams.socks5.InitiationListener.access$000(InitiationListener.java:37)
	at org.jivesoftware.smackx.bytestreams.socks5.InitiationListener$1.run(InitiationListener.java:63)
	at java.util.concurrent.ThreadPoolExecutor.runWorker(Unknown Source)
	at java.util.concurrent.ThreadPoolExecutor$Worker.run(Unknown Source)
	at java.lang.Thread.run(Unknown Source)
ERROR 2016-07-08 18:53:29,506 (ByteStreamTransport.java:105) could not establish bytestream connection to davidpujol@saros-con.imp.fu-berlin.de/Saros
Could not establish socket with any provided host: item-not-found(404) Could not establish socket with any provided host
	at org.jivesoftware.smackx.bytestreams.socks5.Socks5BytestreamRequest.cancelRequest(Socks5BytestreamRequest.java:277)
	at org.jivesoftware.smackx.bytestreams.socks5.Socks5BytestreamRequest.accept(Socks5BytestreamRequest.java:247)
	at org.jivesoftware.smackx.bytestreams.socks5.Socks5BytestreamRequest.accept(Socks5BytestreamRequest.java:34)
	at de.fu_berlin.inf.dpp.net.internal.Socks5Transport.handleResponse(Socks5Transport.java:315)
	at de.fu_berlin.inf.dpp.net.internal.Socks5Transport.acceptRequest(Socks5Transport.java:471)
	at de.fu_berlin.inf.dpp.net.internal.ByteStreamTransport$1.incomingBytestreamRequest(ByteStreamTransport.java:77)
	at org.jivesoftware.smackx.bytestreams.socks5.InitiationListener.processRequest(InitiationListener.java:91)
	at org.jivesoftware.smackx.bytestreams.socks5.InitiationListener.access$000(InitiationListener.java:37)
	at org.jivesoftware.smackx.bytestreams.socks5.InitiationListener$1.run(InitiationListener.java:63)
	at java.util.concurrent.ThreadPoolExecutor.runWorker(Unknown Source)
	at java.util.concurrent.ThreadPoolExecutor$Worker.run(Unknown Source)
	at java.lang.Thread.run(Unknown Source)
WARN  2016-07-08 18:53:33,448 (Socks5Transport.java:544) [SOCKS5Transport] could not establish a connection to davidpujol@saros-con.imp.fu-berlin.de/Saros, remote side could not connect to any offered stream hosts: item-not-found(404) Could not establish socket with any provided host
WARN  2016-07-08 18:54:03,451 (DataTransferManager.java:415) failed to connect to davidpujol@saros-con.imp.fu-berlin.de/Saros using transport: XMPP-Socks5-Transport
java.io.IOException: [SOCKS5Transport] waiting for a response session timed out (30000ms) and could not establish a connection from this side, too:
	at de.fu_berlin.inf.dpp.net.internal.Socks5Transport.establishBinaryChannel(Socks5Transport.java:592)
	at de.fu_berlin.inf.dpp.net.internal.ByteStreamTransport.connect(ByteStreamTransport.java:48)
	at de.fu_berlin.inf.dpp.net.internal.DataTransferManager.connectInternal(DataTransferManager.java:412)
	at de.fu_berlin.inf.dpp.net.internal.DataTransferManager.sendData(DataTransferManager.java:242)
	at de.fu_berlin.inf.dpp.net.internal.XMPPTransmitter.send(XMPPTransmitter.java:88)
	at de.fu_berlin.inf.dpp.net.internal.XMPPTransmitter.send(XMPPTransmitter.java:64)
	at de.fu_berlin.inf.dpp.whiteboard.net.SarosSXETransmitter.sendWithoutDispatch(SarosSXETransmitter.java:137)
	at de.fu_berlin.inf.dpp.whiteboard.net.SarosSXETransmitter.sendAndAwait(SarosSXETransmitter.java:162)
	at de.fu_berlin.inf.dpp.whiteboard.sxe.net.SXEOutgoingSynchronizationProcess.start(SXEOutgoingSynchronizationProcess.java:58)
	at de.fu_berlin.inf.dpp.whiteboard.net.WhiteboardManager$1.postOutgoingInvitationCompleted(WhiteboardManager.java:96)
	at de.fu_berlin.inf.dpp.project.SarosSessionManager.postOutgoingInvitationCompleted(SarosSessionManager.java:667)
	at de.fu_berlin.inf.dpp.negotiation.OutgoingSessionNegotiation.start(OutgoingSessionNegotiation.java:202)
	at de.fu_berlin.inf.dpp.ui.eventhandler.NegotiationHandler$OutgoingInvitationJob.run(NegotiationHandler.java:86)
	at org.eclipse.core.internal.jobs.Worker.run(Worker.java:55)
Caused by: item-not-found(404) Could not establish socket with any provided host
	at org.jivesoftware.smack.util.SyncPacketSend.getReply(SyncPacketSend.java:54)
	at org.jivesoftware.smackx.bytestreams.socks5.Socks5BytestreamManager.establishSession(Socks5BytestreamManager.java:481)
	at org.jivesoftware.smackx.bytestreams.socks5.Socks5BytestreamManager.establishSession(Socks5BytestreamManager.java:83)
	at de.fu_berlin.inf.dpp.net.internal.Socks5Transport.establishBinaryChannel(Socks5Transport.java:512)
	... 13 more
WARN  2016-07-08 18:54:33,453 (DataTransferManager.java:415) failed to connect to davidpujol@saros-con.imp.fu-berlin.de/Saros using transport: XMPP-IBB-Transport
java.io.IOException: No response from server.: 
	at de.fu_berlin.inf.dpp.net.internal.ByteStreamTransport.connect(ByteStreamTransport.java:50)
	at de.fu_berlin.inf.dpp.net.internal.DataTransferManager.connectInternal(DataTransferManager.java:412)
	at de.fu_berlin.inf.dpp.net.internal.DataTransferManager.sendData(DataTransferManager.java:242)
	at de.fu_berlin.inf.dpp.net.internal.XMPPTransmitter.send(XMPPTransmitter.java:88)
	at de.fu_berlin.inf.dpp.net.internal.XMPPTransmitter.send(XMPPTransmitter.java:64)
	at de.fu_berlin.inf.dpp.whiteboard.net.SarosSXETransmitter.sendWithoutDispatch(SarosSXETransmitter.java:137)
	at de.fu_berlin.inf.dpp.whiteboard.net.SarosSXETransmitter.sendAndAwait(SarosSXETransmitter.java:162)
	at de.fu_berlin.inf.dpp.whiteboard.sxe.net.SXEOutgoingSynchronizationProcess.start(SXEOutgoingSynchronizationProcess.java:58)
	at de.fu_berlin.inf.dpp.whiteboard.net.WhiteboardManager$1.postOutgoingInvitationCompleted(WhiteboardManager.java:96)
	at de.fu_berlin.inf.dpp.project.SarosSessionManager.postOutgoingInvitationCompleted(SarosSessionManager.java:667)
	at de.fu_berlin.inf.dpp.negotiation.OutgoingSessionNegotiation.start(OutgoingSessionNegotiation.java:202)
	at de.fu_berlin.inf.dpp.ui.eventhandler.NegotiationHandler$OutgoingInvitationJob.run(NegotiationHandler.java:86)
	at org.eclipse.core.internal.jobs.Worker.run(Worker.java:55)
Caused by: No response from server.: 
	at org.jivesoftware.smack.util.SyncPacketSend.getReply(SyncPacketSend.java:51)
	at org.jivesoftware.smack.util.SyncPacketSend.getReply(SyncPacketSend.java:62)
	at org.jivesoftware.smackx.bytestreams.ibb.InBandBytestreamManager.establishSession(InBandBytestreamManager.java:428)
	at org.jivesoftware.smackx.bytestreams.ibb.InBandBytestreamManager.establishSession(InBandBytestreamManager.java:74)
	at de.fu_berlin.inf.dpp.net.internal.ByteStreamTransport.establishBinaryChannel(ByteStreamTransport.java:131)
	at de.fu_berlin.inf.dpp.net.internal.ByteStreamTransport.connect(ByteStreamTransport.java:48)
	... 12 more
ERROR 2016-07-08 18:54:33,454 (SarosSXETransmitter.java:140) SXE sending whiteboard message failed because of an network error
java.io.IOException: could not connect to davidpujol@saros-con.imp.fu-berlin.de/Saros, exhausted all available transport modes: [XMPP-Socks5-Transport, XMPP-IBB-Transport]
	at de.fu_berlin.inf.dpp.net.internal.DataTransferManager.connectInternal(DataTransferManager.java:438)
	at de.fu_berlin.inf.dpp.net.internal.DataTransferManager.sendData(DataTransferManager.java:242)
	at de.fu_berlin.inf.dpp.net.internal.XMPPTransmitter.send(XMPPTransmitter.java:88)
	at de.fu_berlin.inf.dpp.net.internal.XMPPTransmitter.send(XMPPTransmitter.java:64)
	at de.fu_berlin.inf.dpp.whiteboard.net.SarosSXETransmitter.sendWithoutDispatch(SarosSXETransmitter.java:137)
	at de.fu_berlin.inf.dpp.whiteboard.net.SarosSXETransmitter.sendAndAwait(SarosSXETransmitter.java:162)
	at de.fu_berlin.inf.dpp.whiteboard.sxe.net.SXEOutgoingSynchronizationProcess.start(SXEOutgoingSynchronizationProcess.java:58)
	at de.fu_berlin.inf.dpp.whiteboard.net.WhiteboardManager$1.postOutgoingInvitationCompleted(WhiteboardManager.java:96)
	at de.fu_berlin.inf.dpp.project.SarosSessionManager.postOutgoingInvitationCompleted(SarosSessionManager.java:667)
	at de.fu_berlin.inf.dpp.negotiation.OutgoingSessionNegotiation.start(OutgoingSessionNegotiation.java:202)
	at de.fu_berlin.inf.dpp.ui.eventhandler.NegotiationHandler$OutgoingInvitationJob.run(NegotiationHandler.java:86)
	at org.eclipse.core.internal.jobs.Worker.run(Worker.java:55)
ERROR 2016-07-08 18:55:03,492 (SXEOutgoingSynchronizationProcess.java:114) SXE(4886) Timeout while synchronizing whiteboard state: received no response from davidpujol@saros-con.imp.fu-berlin.de/Saros
ERROR 2016-07-08 18:55:58,808 (DataTransferManager.java:270) failed to send TransferDescription [elementName=pnof, namespace=de.fu_berlin.inf.dpp, recipient=davidpujol@saros-con.imp.fu-berlin.de/Saros, sender=oriol@saros-con.imp.fu-berlin.de/Saros, compress=true], connection=[mode=IBB, id=saros-main-session] davidpujol@saros-con.imp.fu-berlin.de/Saros:connection is closed
java.io.EOFException: connection is closed
	at de.fu_berlin.inf.dpp.net.internal.BinaryChannelConnection.send(BinaryChannelConnection.java:216)
	at de.fu_berlin.inf.dpp.net.internal.DataTransferManager.sendInternal(DataTransferManager.java:268)
	at de.fu_berlin.inf.dpp.net.internal.DataTransferManager.sendData(DataTransferManager.java:216)
	at de.fu_berlin.inf.dpp.net.internal.XMPPTransmitter.send(XMPPTransmitter.java:90)
	at de.fu_berlin.inf.dpp.negotiation.OutgoingProjectNegotiation.sendFileList(OutgoingProjectNegotiation.java:199)
	at de.fu_berlin.inf.dpp.negotiation.OutgoingProjectNegotiation.run(OutgoingProjectNegotiation.java:101)
	at de.fu_berlin.inf.dpp.ui.eventhandler.NegotiationHandler$OutgoingProjectJob.run(NegotiationHandler.java:164)
	at org.eclipse.core.internal.jobs.Worker.run(Worker.java:55)
ERROR 2016-07-08 18:55:58,809 (DataTransferManager.java:270) failed to send TransferDescription [elementName=ping, namespace=de.fu_berlin.inf.dpp, recipient=davidpujol@saros-con.imp.fu-berlin.de/Saros, sender=oriol@saros-con.imp.fu-berlin.de/Saros, compress=true], connection=[mode=IBB, id=saros-main-session] davidpujol@saros-con.imp.fu-berlin.de/Saros:Error while closing stream: No response from server.
java.io.IOException: Error while closing stream: No response from server.
	at org.jivesoftware.smackx.bytestreams.ibb.InBandBytestreamSession.closeByLocal(InBandBytestreamSession.java:213)
	at org.jivesoftware.smackx.bytestreams.ibb.InBandBytestreamSession.close(InBandBytestreamSession.java:154)
	at org.jivesoftware.smackx.bytestreams.ibb.InBandBytestreamSession$IQIBBOutputStream.writeToXML(InBandBytestreamSession.java:768)
	at org.jivesoftware.smackx.bytestreams.ibb.InBandBytestreamSession$IBBOutputStream.flushBuffer(InBandBytestreamSession.java:707)
	at org.jivesoftware.smackx.bytestreams.ibb.InBandBytestreamSession$IBBOutputStream.flush(InBandBytestreamSession.java:691)
	at java.io.BufferedOutputStream.flush(Unknown Source)
	at java.io.DataOutputStream.flush(Unknown Source)
	at de.fu_berlin.inf.dpp.net.internal.BinaryChannelConnection.sendTransferDescription(BinaryChannelConnection.java:544)
	at de.fu_berlin.inf.dpp.net.internal.BinaryChannelConnection.send(BinaryChannelConnection.java:322)
	at de.fu_berlin.inf.dpp.net.internal.DataTransferManager.sendInternal(DataTransferManager.java:268)
	at de.fu_berlin.inf.dpp.net.internal.DataTransferManager.sendData(DataTransferManager.java:216)
	at de.fu_berlin.inf.dpp.net.internal.XMPPTransmitter.send(XMPPTransmitter.java:90)
	at de.fu_berlin.inf.dpp.project.internal.timeout.ServerSessionTimeoutHandler$3.run(ServerSessionTimeoutHandler.java:103)
	at de.fu_berlin.inf.dpp.util.ThreadUtils$1.run(ThreadUtils.java:38)
	at java.lang.Thread.run(Unknown Source)
ERROR 2016-07-08 18:55:58,817 (ServerSessionTimeoutHandler.java:113) failed to send ping to: davidpujol@saros-con.imp.fu-berlin.de/Saros
java.io.IOException: Error while closing stream: No response from server.
	at org.jivesoftware.smackx.bytestreams.ibb.InBandBytestreamSession.closeByLocal(InBandBytestreamSession.java:213)
	at org.jivesoftware.smackx.bytestreams.ibb.InBandBytestreamSession.close(InBandBytestreamSession.java:154)
	at org.jivesoftware.smackx.bytestreams.ibb.InBandBytestreamSession$IQIBBOutputStream.writeToXML(InBandBytestreamSession.java:768)
	at org.jivesoftware.smackx.bytestreams.ibb.InBandBytestreamSession$IBBOutputStream.flushBuffer(InBandBytestreamSession.java:707)
	at org.jivesoftware.smackx.bytestreams.ibb.InBandBytestreamSession$IBBOutputStream.flush(InBandBytestreamSession.java:691)
	at java.io.BufferedOutputStream.flush(Unknown Source)
	at java.io.DataOutputStream.flush(Unknown Source)
	at de.fu_berlin.inf.dpp.net.internal.BinaryChannelConnection.sendTransferDescription(BinaryChannelConnection.java:544)
	at de.fu_berlin.inf.dpp.net.internal.BinaryChannelConnection.send(BinaryChannelConnection.java:322)
	at de.fu_berlin.inf.dpp.net.internal.DataTransferManager.sendInternal(DataTransferManager.java:268)
	at de.fu_berlin.inf.dpp.net.internal.DataTransferManager.sendData(DataTransferManager.java:216)
	at de.fu_berlin.inf.dpp.net.internal.XMPPTransmitter.send(XMPPTransmitter.java:90)
	at de.fu_berlin.inf.dpp.project.internal.timeout.ServerSessionTimeoutHandler$3.run(ServerSessionTimeoutHandler.java:103)
	at de.fu_berlin.inf.dpp.util.ThreadUtils$1.run(ThreadUtils.java:38)
	at java.lang.Thread.run(Unknown Source)
ERROR 2016-07-08 18:55:58,811 (CancelableProcess.java:299) OPN [remote side: davidpujol@saros-con.imp.fu-berlin.de/Saros] I/O error occurred
java.io.EOFException: connection is closed
	at de.fu_berlin.inf.dpp.net.internal.BinaryChannelConnection.send(BinaryChannelConnection.java:216)
	at de.fu_berlin.inf.dpp.net.internal.DataTransferManager.sendInternal(DataTransferManager.java:268)
	at de.fu_berlin.inf.dpp.net.internal.DataTransferManager.sendData(DataTransferManager.java:216)
	at de.fu_berlin.inf.dpp.net.internal.XMPPTransmitter.send(XMPPTransmitter.java:90)
	at de.fu_berlin.inf.dpp.negotiation.OutgoingProjectNegotiation.sendFileList(OutgoingProjectNegotiation.java:199)
	at de.fu_berlin.inf.dpp.negotiation.OutgoingProjectNegotiation.run(OutgoingProjectNegotiation.java:101)
	at de.fu_berlin.inf.dpp.ui.eventhandler.NegotiationHandler$OutgoingProjectJob.run(NegotiationHandler.java:164)
	at org.eclipse.core.internal.jobs.Worker.run(Worker.java:55)
ERROR 2016-07-08 18:55:58,821 (CancelableProcess.java:398) cancelled process OPN [remote side: davidpujol@saros-con.imp.fu-berlin.de/Saros], error: I/O failure: connection is closed
ERROR 2016-07-08 18:56:47,442 (OutgoingSessionNegotiation.java:262) OSN [remote side: davidpujol@saros-con.imp.fu-berlin.de/Saros] : could not obtain remote Saros version
ERROR 2016-07-08 18:56:47,443 (CancelableProcess.java:398) cancelled process OSN [remote side: davidpujol@saros-con.imp.fu-berlin.de/Saros], error: Could not obtain the version of the Saros plugin from David. Please try again.
ERROR 2016-07-08 18:57:21,031 (CancelableProcess.java:411) cancelled process OSN [remote side: davidpujol@saros-con.imp.fu-berlin.de/Saros] because the remote side encountered an error: I am already in a Saros session and so cannot accept your invitation.
WARN  2016-07-08 18:57:23,025 (StunServiceImpl.java:420) received no response from STUN server stunserver.org/69.172.201.153:3478 at local address /192.168.43.1:0
WARN  2016-07-08 18:57:23,027 (StunServiceImpl.java:420) received no response from STUN server stunserver.org/69.172.201.153:3478 at local address /192.168.1.33:0
WARN  2016-07-08 18:58:13,385 (Socks5Transport.java:411) [SOCKS5Transport] Couldn't accept request but still trying to establish a response connection: Could not establish socket with any provided host
ERROR 2016-07-08 18:58:14,119 (Socks5Transport.java:440) An error occurred while establishing a response connection 
item-not-found(404) Could not establish socket with any provided host
	at org.jivesoftware.smack.util.SyncPacketSend.getReply(SyncPacketSend.java:54)
	at org.jivesoftware.smackx.bytestreams.socks5.Socks5BytestreamManager.establishSession(Socks5BytestreamManager.java:481)
	at org.jivesoftware.smackx.bytestreams.socks5.Socks5BytestreamManager.establishSession(Socks5BytestreamManager.java:83)
	at de.fu_berlin.inf.dpp.net.internal.Socks5Transport.establishResponseSession(Socks5Transport.java:631)
	at de.fu_berlin.inf.dpp.net.internal.Socks5Transport$1.call(Socks5Transport.java:108)
	at de.fu_berlin.inf.dpp.net.internal.Socks5Transport$1.call(Socks5Transport.java:1)
	at java.util.concurrent.FutureTask.run(Unknown Source)
	at java.util.concurrent.ThreadPoolExecutor.runWorker(Unknown Source)
	at java.util.concurrent.ThreadPoolExecutor$Worker.run(Unknown Source)
	at java.lang.Thread.run(Unknown Source)
ERROR 2016-07-08 18:58:14,121 (ByteStreamTransport.java:105) could not establish bytestream connection to davidpujol@saros-con.imp.fu-berlin.de/Saros
java.io.IOException: [SOCKS5Transport] Neither connection could be established. 
	at de.fu_berlin.inf.dpp.net.internal.Socks5Transport.acceptNewRequest(Socks5Transport.java:446)
	at de.fu_berlin.inf.dpp.net.internal.Socks5Transport.acceptRequest(Socks5Transport.java:474)
	at de.fu_berlin.inf.dpp.net.internal.ByteStreamTransport$1.incomingBytestreamRequest(ByteStreamTransport.java:77)
	at org.jivesoftware.smackx.bytestreams.socks5.InitiationListener.processRequest(InitiationListener.java:91)
	at org.jivesoftware.smackx.bytestreams.socks5.InitiationListener.access$000(InitiationListener.java:37)
	at org.jivesoftware.smackx.bytestreams.socks5.InitiationListener$1.run(InitiationListener.java:63)
	at java.util.concurrent.ThreadPoolExecutor.runWorker(Unknown Source)
	at java.util.concurrent.ThreadPoolExecutor$Worker.run(Unknown Source)
	at java.lang.Thread.run(Unknown Source)
WARN  2016-07-08 18:58:47,872 (Socks5Transport.java:544) [SOCKS5Transport] could not establish a connection to davidpujol@saros-con.imp.fu-berlin.de/Saros, remote side could not connect to any offered stream hosts: item-not-found(404) Could not establish socket with any provided host
ERROR 2016-07-08 18:58:48,362 (ByteStreamTransport.java:105) could not establish bytestream connection to davidpujol@saros-con.imp.fu-berlin.de/Saros
Could not establish socket with any provided host: item-not-found(404) Could not establish socket with any provided host
	at org.jivesoftware.smackx.bytestreams.socks5.Socks5BytestreamRequest.cancelRequest(Socks5BytestreamRequest.java:277)
	at org.jivesoftware.smackx.bytestreams.socks5.Socks5BytestreamRequest.accept(Socks5BytestreamRequest.java:247)
	at org.jivesoftware.smackx.bytestreams.socks5.Socks5BytestreamRequest.accept(Socks5BytestreamRequest.java:34)
	at de.fu_berlin.inf.dpp.net.internal.Socks5Transport.handleResponse(Socks5Transport.java:315)
	at de.fu_berlin.inf.dpp.net.internal.Socks5Transport.acceptRequest(Socks5Transport.java:471)
	at de.fu_berlin.inf.dpp.net.internal.ByteStreamTransport$1.incomingBytestreamRequest(ByteStreamTransport.java:77)
	at org.jivesoftware.smackx.bytestreams.socks5.InitiationListener.processRequest(InitiationListener.java:91)
	at org.jivesoftware.smackx.bytestreams.socks5.InitiationListener.access$000(InitiationListener.java:37)
	at org.jivesoftware.smackx.bytestreams.socks5.InitiationListener$1.run(InitiationListener.java:63)
	at java.util.concurrent.ThreadPoolExecutor.runWorker(Unknown Source)
	at java.util.concurrent.ThreadPoolExecutor$Worker.run(Unknown Source)
	at java.lang.Thread.run(Unknown Source)
WARN  2016-07-08 18:59:17,875 (DataTransferManager.java:415) failed to connect to davidpujol@saros-con.imp.fu-berlin.de/Saros using transport: XMPP-Socks5-Transport
java.io.IOException: [SOCKS5Transport] waiting for a response session timed out (30000ms) and could not establish a connection from this side, too:
	at de.fu_berlin.inf.dpp.net.internal.Socks5Transport.establishBinaryChannel(Socks5Transport.java:592)
	at de.fu_berlin.inf.dpp.net.internal.ByteStreamTransport.connect(ByteStreamTransport.java:48)
	at de.fu_berlin.inf.dpp.net.internal.DataTransferManager.connectInternal(DataTransferManager.java:412)
	at de.fu_berlin.inf.dpp.net.internal.DataTransferManager.sendData(DataTransferManager.java:242)
	at de.fu_berlin.inf.dpp.net.internal.XMPPTransmitter.send(XMPPTransmitter.java:88)
	at de.fu_berlin.inf.dpp.net.internal.XMPPTransmitter.send(XMPPTransmitter.java:64)
	at de.fu_berlin.inf.dpp.whiteboard.net.SarosSXETransmitter.sendWithoutDispatch(SarosSXETransmitter.java:137)
	at de.fu_berlin.inf.dpp.whiteboard.net.SarosSXETransmitter.sendAndAwait(SarosSXETransmitter.java:162)
	at de.fu_berlin.inf.dpp.whiteboard.sxe.net.SXEOutgoingSynchronizationProcess.start(SXEOutgoingSynchronizationProcess.java:58)
	at de.fu_berlin.inf.dpp.whiteboard.net.WhiteboardManager$1.postOutgoingInvitationCompleted(WhiteboardManager.java:96)
	at de.fu_berlin.inf.dpp.project.SarosSessionManager.postOutgoingInvitationCompleted(SarosSessionManager.java:667)
	at de.fu_berlin.inf.dpp.negotiation.OutgoingSessionNegotiation.start(OutgoingSessionNegotiation.java:202)
	at de.fu_berlin.inf.dpp.ui.eventhandler.NegotiationHandler$OutgoingInvitationJob.run(NegotiationHandler.java:86)
	at org.eclipse.core.internal.jobs.Worker.run(Worker.java:55)
Caused by: item-not-found(404) Could not establish socket with any provided host
	at org.jivesoftware.smack.util.SyncPacketSend.getReply(SyncPacketSend.java:54)
	at org.jivesoftware.smackx.bytestreams.socks5.Socks5BytestreamManager.establishSession(Socks5BytestreamManager.java:481)
	at org.jivesoftware.smackx.bytestreams.socks5.Socks5BytestreamManager.establishSession(Socks5BytestreamManager.java:83)
	at de.fu_berlin.inf.dpp.net.internal.Socks5Transport.establishBinaryChannel(Socks5Transport.java:512)
	... 13 more
ERROR 2016-07-08 19:08:45,641 (DataTransferManager.java:270) failed to send TransferDescription [elementName=ping, namespace=de.fu_berlin.inf.dpp, recipient=davidpujol@saros-con.imp.fu-berlin.de/Saros, sender=oriol@saros-con.imp.fu-berlin.de/Saros, compress=true], connection=[mode=IBB, id=saros-main-session] davidpujol@saros-con.imp.fu-berlin.de/Saros:connection is closed
java.io.EOFException: connection is closed
	at de.fu_berlin.inf.dpp.net.internal.BinaryChannelConnection.send(BinaryChannelConnection.java:216)
	at de.fu_berlin.inf.dpp.net.internal.DataTransferManager.sendInternal(DataTransferManager.java:268)
	at de.fu_berlin.inf.dpp.net.internal.DataTransferManager.sendData(DataTransferManager.java:216)
	at de.fu_berlin.inf.dpp.net.internal.XMPPTransmitter.send(XMPPTransmitter.java:90)
	at de.fu_berlin.inf.dpp.project.internal.timeout.ServerSessionTimeoutHandler$3.run(ServerSessionTimeoutHandler.java:103)
	at de.fu_berlin.inf.dpp.util.ThreadUtils$1.run(ThreadUtils.java:38)
	at java.lang.Thread.run(Unknown Source)
ERROR 2016-07-08 19:08:45,643 (ServerSessionTimeoutHandler.java:113) failed to send ping to: davidpujol@saros-con.imp.fu-berlin.de/Saros
java.io.EOFException: connection is closed
	at de.fu_berlin.inf.dpp.net.internal.BinaryChannelConnection.send(BinaryChannelConnection.java:216)
	at de.fu_berlin.inf.dpp.net.internal.DataTransferManager.sendInternal(DataTransferManager.java:268)
	at de.fu_berlin.inf.dpp.net.internal.DataTransferManager.sendData(DataTransferManager.java:216)
	at de.fu_berlin.inf.dpp.net.internal.XMPPTransmitter.send(XMPPTransmitter.java:90)
	at de.fu_berlin.inf.dpp.project.internal.timeout.ServerSessionTimeoutHandler$3.run(ServerSessionTimeoutHandler.java:103)
	at de.fu_berlin.inf.dpp.util.ThreadUtils$1.run(ThreadUtils.java:38)
	at java.lang.Thread.run(Unknown Source)
ERROR 2016-07-08 19:08:45,643 (DataTransferManager.java:270) failed to send TransferDescription [elementName=ados, namespace=de.fu_berlin.inf.dpp, recipient=davidpujol@saros-con.imp.fu-berlin.de/Saros, sender=oriol@saros-con.imp.fu-berlin.de/Saros, compress=true], connection=[mode=IBB, id=saros-main-session] davidpujol@saros-con.imp.fu-berlin.de/Saros:Error while closing stream: No response from server.
java.io.IOException: Error while closing stream: No response from server.
	at org.jivesoftware.smackx.bytestreams.ibb.InBandBytestreamSession.closeByLocal(InBandBytestreamSession.java:213)
	at org.jivesoftware.smackx.bytestreams.ibb.InBandBytestreamSession.close(InBandBytestreamSession.java:154)
	at org.jivesoftware.smackx.bytestreams.ibb.InBandBytestreamSession$IQIBBOutputStream.writeToXML(InBandBytestreamSession.java:768)
	at org.jivesoftware.smackx.bytestreams.ibb.InBandBytestreamSession$IBBOutputStream.flushBuffer(InBandBytestreamSession.java:707)
	at org.jivesoftware.smackx.bytestreams.ibb.InBandBytestreamSession$IBBOutputStream.flush(InBandBytestreamSession.java:691)
	at java.io.BufferedOutputStream.flush(Unknown Source)
	at java.io.DataOutputStream.flush(Unknown Source)
	at de.fu_berlin.inf.dpp.net.internal.BinaryChannelConnection.sendTransferDescription(BinaryChannelConnection.java:544)
	at de.fu_berlin.inf.dpp.net.internal.BinaryChannelConnection.send(BinaryChannelConnection.java:322)
	at de.fu_berlin.inf.dpp.net.internal.DataTransferManager.sendInternal(DataTransferManager.java:268)
	at de.fu_berlin.inf.dpp.net.internal.DataTransferManager.sendData(DataTransferManager.java:216)
	at de.fu_berlin.inf.dpp.net.internal.XMPPTransmitter.send(XMPPTransmitter.java:90)
	at de.fu_berlin.inf.dpp.project.internal.ActivitySequencer.sendActivities(ActivitySequencer.java:501)
	at de.fu_berlin.inf.dpp.project.internal.ActivitySequencer.access$3(ActivitySequencer.java:482)
	at de.fu_berlin.inf.dpp.project.internal.ActivitySequencer$2.run(ActivitySequencer.java:152)
	at de.fu_berlin.inf.dpp.util.ThreadUtils$1.run(ThreadUtils.java:38)
	at java.lang.Thread.run(Unknown Source)
ERROR 2016-07-08 19:08:45,646 (ActivitySequencer.java:504) failed to sent activities: [ChecksumActivity(path: SPath [path=src/principal/User.java, project=ThreeSquareV1.1], hash: -335099345, length: 3486, jupiterTimestamp: [0,6])]
java.io.IOException: Error while closing stream: No response from server.
	at org.jivesoftware.smackx.bytestreams.ibb.InBandBytestreamSession.closeByLocal(InBandBytestreamSession.java:213)
	at org.jivesoftware.smackx.bytestreams.ibb.InBandBytestreamSession.close(InBandBytestreamSession.java:154)
	at org.jivesoftware.smackx.bytestreams.ibb.InBandBytestreamSession$IQIBBOutputStream.writeToXML(InBandBytestreamSession.java:768)
	at org.jivesoftware.smackx.bytestreams.ibb.InBandBytestreamSession$IBBOutputStream.flushBuffer(InBandBytestreamSession.java:707)
	at org.jivesoftware.smackx.bytestreams.ibb.InBandBytestreamSession$IBBOutputStream.flush(InBandBytestreamSession.java:691)
	at java.io.BufferedOutputStream.flush(Unknown Source)
	at java.io.DataOutputStream.flush(Unknown Source)
	at de.fu_berlin.inf.dpp.net.internal.BinaryChannelConnection.sendTransferDescription(BinaryChannelConnection.java:544)
	at de.fu_berlin.inf.dpp.net.internal.BinaryChannelConnection.send(BinaryChannelConnection.java:322)
	at de.fu_berlin.inf.dpp.net.internal.DataTransferManager.sendInternal(DataTransferManager.java:268)
	at de.fu_berlin.inf.dpp.net.internal.DataTransferManager.sendData(DataTransferManager.java:216)
	at de.fu_berlin.inf.dpp.net.internal.XMPPTransmitter.send(XMPPTransmitter.java:90)
	at de.fu_berlin.inf.dpp.project.internal.ActivitySequencer.sendActivities(ActivitySequencer.java:501)
	at de.fu_berlin.inf.dpp.project.internal.ActivitySequencer.access$3(ActivitySequencer.java:482)
	at de.fu_berlin.inf.dpp.project.internal.ActivitySequencer$2.run(ActivitySequencer.java:152)
	at de.fu_berlin.inf.dpp.util.ThreadUtils$1.run(ThreadUtils.java:38)
	at java.lang.Thread.run(Unknown Source)
ERROR 2016-07-09 01:23:00,834 (BinaryChannelConnection.java:176) failed to gracefully close connection [mode=IBB, id=default] davidpujol@saros-con.imp.fu-berlin.de/Saros
java.io.IOException: Error while closing stream: service-unavailable(503)
	at org.jivesoftware.smackx.bytestreams.ibb.InBandBytestreamSession.closeByLocal(InBandBytestreamSession.java:213)
	at org.jivesoftware.smackx.bytestreams.ibb.InBandBytestreamSession.close(InBandBytestreamSession.java:154)
	at de.fu_berlin.inf.dpp.net.internal.XMPPByteStreamAdapter.close(XMPPByteStreamAdapter.java:32)
	at de.fu_berlin.inf.dpp.net.internal.BinaryChannelConnection.close(BinaryChannelConnection.java:174)
	at de.fu_berlin.inf.dpp.net.internal.ConnectionPool.close(ConnectionPool.java:50)
	at de.fu_berlin.inf.dpp.net.internal.DataTransferManager.disposeConnection(DataTransferManager.java:510)
	at de.fu_berlin.inf.dpp.net.internal.DataTransferManager.connectionStateChanged(DataTransferManager.java:520)
	at de.fu_berlin.inf.dpp.net.xmpp.XMPPConnectionService.setConnectionState(XMPPConnectionService.java:405)
	at de.fu_berlin.inf.dpp.net.xmpp.XMPPConnectionService.disconnect(XMPPConnectionService.java:304)
	at de.fu_berlin.inf.dpp.communication.connection.ConnectionHandler.disconnectXMPPInternal(ConnectionHandler.java:225)
	at de.fu_berlin.inf.dpp.communication.connection.ConnectionHandler.disconnect(ConnectionHandler.java:211)
	at de.fu_berlin.inf.dpp.Saros$1.run(Saros.java:304)
	at de.fu_berlin.inf.dpp.util.ThreadUtils$1.run(ThreadUtils.java:38)
	at java.lang.Thread.run(Unknown Source)
