WARN  2016-07-10 16:40:51,054 (StunServiceImpl.java:420) received no response from STUN server stunserver.org/69.172.201.153:3478 at local address /192.168.43.1:0
WARN  2016-07-10 16:40:51,056 (StunServiceImpl.java:420) received no response from STUN server stunserver.org/69.172.201.153:3478 at local address /192.168.1.35:0
WARN  2016-07-10 18:13:51,681 (AddContactWizard.java:237) Problem while adding a contact. User decided to add contact anyway. Problem:
service-unavailable(503)
WARN  2016-07-10 18:15:24,598 (Socks5Transport.java:411) [SOCKS5Transport] Couldn't accept request but still trying to establish a response connection: Could not establish socket with any provided host
ERROR 2016-07-10 18:15:24,601 (Socks5Transport.java:440) An error occurred while establishing a response connection 
item-not-found(404) Could not establish socket with any provided host
	at org.jivesoftware.smack.util.SyncPacketSend.getReply(SyncPacketSend.java:54)
	at org.jivesoftware.smackx.bytestreams.socks5.Socks5BytestreamManager.establishSession(Socks5BytestreamManager.java:481)
	at org.jivesoftware.smackx.bytestreams.socks5.Socks5BytestreamManager.establishSession(Socks5BytestreamManager.java:83)
	at de.fu_berlin.inf.dpp.net.internal.Socks5Transport.establishResponseSession(Socks5Transport.java:631)
	at de.fu_berlin.inf.dpp.net.internal.Socks5Transport$1.call(Socks5Transport.java:108)
	at de.fu_berlin.inf.dpp.net.internal.Socks5Transport$1.call(Socks5Transport.java:1)
	at java.util.concurrent.FutureTask.run(Unknown Source)
	at java.util.concurrent.ThreadPoolExecutor.runWorker(Unknown Source)
	at java.util.concurrent.ThreadPoolExecutor$Worker.run(Unknown Source)
	at java.lang.Thread.run(Unknown Source)
ERROR 2016-07-10 18:15:24,627 (ByteStreamTransport.java:105) could not establish bytestream connection to sergidelrio@saros-con.imp.fu-berlin.de/Saros
java.io.IOException: [SOCKS5Transport] Neither connection could be established. 
	at de.fu_berlin.inf.dpp.net.internal.Socks5Transport.acceptNewRequest(Socks5Transport.java:446)
	at de.fu_berlin.inf.dpp.net.internal.Socks5Transport.acceptRequest(Socks5Transport.java:474)
	at de.fu_berlin.inf.dpp.net.internal.ByteStreamTransport$1.incomingBytestreamRequest(ByteStreamTransport.java:77)
	at org.jivesoftware.smackx.bytestreams.socks5.InitiationListener.processRequest(InitiationListener.java:91)
	at org.jivesoftware.smackx.bytestreams.socks5.InitiationListener.access$000(InitiationListener.java:37)
	at org.jivesoftware.smackx.bytestreams.socks5.InitiationListener$1.run(InitiationListener.java:63)
	at java.util.concurrent.ThreadPoolExecutor.runWorker(Unknown Source)
	at java.util.concurrent.ThreadPoolExecutor$Worker.run(Unknown Source)
	at java.lang.Thread.run(Unknown Source)
WARN  2016-07-10 18:16:13,130 (Socks5Transport.java:544) [SOCKS5Transport] could not establish a connection to sergidelrio@saros-con.imp.fu-berlin.de/Saros, remote side could not connect to any offered stream hosts: item-not-found(404) Could not establish socket with any provided host
ERROR 2016-07-10 18:16:17,432 (ByteStreamTransport.java:105) could not establish bytestream connection to sergidelrio@saros-con.imp.fu-berlin.de/Saros
Could not establish socket with any provided host: item-not-found(404) Could not establish socket with any provided host
	at org.jivesoftware.smackx.bytestreams.socks5.Socks5BytestreamRequest.cancelRequest(Socks5BytestreamRequest.java:277)
	at org.jivesoftware.smackx.bytestreams.socks5.Socks5BytestreamRequest.accept(Socks5BytestreamRequest.java:247)
	at org.jivesoftware.smackx.bytestreams.socks5.Socks5BytestreamRequest.accept(Socks5BytestreamRequest.java:34)
	at de.fu_berlin.inf.dpp.net.internal.Socks5Transport.handleResponse(Socks5Transport.java:315)
	at de.fu_berlin.inf.dpp.net.internal.Socks5Transport.acceptRequest(Socks5Transport.java:471)
	at de.fu_berlin.inf.dpp.net.internal.ByteStreamTransport$1.incomingBytestreamRequest(ByteStreamTransport.java:77)
	at org.jivesoftware.smackx.bytestreams.socks5.InitiationListener.processRequest(InitiationListener.java:91)
	at org.jivesoftware.smackx.bytestreams.socks5.InitiationListener.access$000(InitiationListener.java:37)
	at org.jivesoftware.smackx.bytestreams.socks5.InitiationListener$1.run(InitiationListener.java:63)
	at java.util.concurrent.ThreadPoolExecutor.runWorker(Unknown Source)
	at java.util.concurrent.ThreadPoolExecutor$Worker.run(Unknown Source)
	at java.lang.Thread.run(Unknown Source)
WARN  2016-07-10 18:16:43,133 (DataTransferManager.java:415) failed to connect to sergidelrio@saros-con.imp.fu-berlin.de/Saros using transport: XMPP-Socks5-Transport
java.io.IOException: [SOCKS5Transport] waiting for a response session timed out (30000ms) and could not establish a connection from this side, too:
	at de.fu_berlin.inf.dpp.net.internal.Socks5Transport.establishBinaryChannel(Socks5Transport.java:592)
	at de.fu_berlin.inf.dpp.net.internal.ByteStreamTransport.connect(ByteStreamTransport.java:48)
	at de.fu_berlin.inf.dpp.net.internal.DataTransferManager.connectInternal(DataTransferManager.java:412)
	at de.fu_berlin.inf.dpp.net.internal.DataTransferManager.sendData(DataTransferManager.java:242)
	at de.fu_berlin.inf.dpp.net.internal.XMPPTransmitter.send(XMPPTransmitter.java:88)
	at de.fu_berlin.inf.dpp.net.internal.XMPPTransmitter.send(XMPPTransmitter.java:64)
	at de.fu_berlin.inf.dpp.whiteboard.net.SarosSXETransmitter.sendWithoutDispatch(SarosSXETransmitter.java:137)
	at de.fu_berlin.inf.dpp.whiteboard.net.SarosSXETransmitter.sendAndAwait(SarosSXETransmitter.java:162)
	at de.fu_berlin.inf.dpp.whiteboard.sxe.net.SXEOutgoingSynchronizationProcess.start(SXEOutgoingSynchronizationProcess.java:58)
	at de.fu_berlin.inf.dpp.whiteboard.net.WhiteboardManager$1.postOutgoingInvitationCompleted(WhiteboardManager.java:96)
	at de.fu_berlin.inf.dpp.project.SarosSessionManager.postOutgoingInvitationCompleted(SarosSessionManager.java:667)
	at de.fu_berlin.inf.dpp.negotiation.OutgoingSessionNegotiation.start(OutgoingSessionNegotiation.java:202)
	at de.fu_berlin.inf.dpp.ui.eventhandler.NegotiationHandler$OutgoingInvitationJob.run(NegotiationHandler.java:86)
	at org.eclipse.core.internal.jobs.Worker.run(Worker.java:55)
Caused by: item-not-found(404) Could not establish socket with any provided host
	at org.jivesoftware.smack.util.SyncPacketSend.getReply(SyncPacketSend.java:54)
	at org.jivesoftware.smackx.bytestreams.socks5.Socks5BytestreamManager.establishSession(Socks5BytestreamManager.java:481)
	at org.jivesoftware.smackx.bytestreams.socks5.Socks5BytestreamManager.establishSession(Socks5BytestreamManager.java:83)
	at de.fu_berlin.inf.dpp.net.internal.Socks5Transport.establishBinaryChannel(Socks5Transport.java:512)
	... 13 more
WARN  2016-07-10 18:25:56,538 (Socks5Transport.java:411) [SOCKS5Transport] Couldn't accept request but still trying to establish a response connection: Could not establish socket with any provided host
ERROR 2016-07-10 18:26:13,056 (Socks5Transport.java:440) An error occurred while establishing a response connection 
item-not-found(404) Could not establish socket with any provided host
	at org.jivesoftware.smack.util.SyncPacketSend.getReply(SyncPacketSend.java:54)
	at org.jivesoftware.smackx.bytestreams.socks5.Socks5BytestreamManager.establishSession(Socks5BytestreamManager.java:481)
	at org.jivesoftware.smackx.bytestreams.socks5.Socks5BytestreamManager.establishSession(Socks5BytestreamManager.java:83)
	at de.fu_berlin.inf.dpp.net.internal.Socks5Transport.establishResponseSession(Socks5Transport.java:631)
	at de.fu_berlin.inf.dpp.net.internal.Socks5Transport$1.call(Socks5Transport.java:108)
	at de.fu_berlin.inf.dpp.net.internal.Socks5Transport$1.call(Socks5Transport.java:1)
	at java.util.concurrent.FutureTask.run(Unknown Source)
	at java.util.concurrent.ThreadPoolExecutor.runWorker(Unknown Source)
	at java.util.concurrent.ThreadPoolExecutor$Worker.run(Unknown Source)
	at java.lang.Thread.run(Unknown Source)
ERROR 2016-07-10 18:26:13,062 (ByteStreamTransport.java:105) could not establish bytestream connection to sergidelrio@saros-con.imp.fu-berlin.de/Saros
java.io.IOException: [SOCKS5Transport] Neither connection could be established. 
	at de.fu_berlin.inf.dpp.net.internal.Socks5Transport.acceptNewRequest(Socks5Transport.java:446)
	at de.fu_berlin.inf.dpp.net.internal.Socks5Transport.acceptRequest(Socks5Transport.java:474)
	at de.fu_berlin.inf.dpp.net.internal.ByteStreamTransport$1.incomingBytestreamRequest(ByteStreamTransport.java:77)
	at org.jivesoftware.smackx.bytestreams.socks5.InitiationListener.processRequest(InitiationListener.java:91)
	at org.jivesoftware.smackx.bytestreams.socks5.InitiationListener.access$000(InitiationListener.java:37)
	at org.jivesoftware.smackx.bytestreams.socks5.InitiationListener$1.run(InitiationListener.java:63)
	at java.util.concurrent.ThreadPoolExecutor.runWorker(Unknown Source)
	at java.util.concurrent.ThreadPoolExecutor$Worker.run(Unknown Source)
	at java.lang.Thread.run(Unknown Source)
ERROR 2016-07-10 18:26:29,683 (ByteStreamTransport.java:105) could not establish bytestream connection to sergidelrio@saros-con.imp.fu-berlin.de/Saros
Could not establish socket with any provided host: item-not-found(404) Could not establish socket with any provided host
	at org.jivesoftware.smackx.bytestreams.socks5.Socks5BytestreamRequest.cancelRequest(Socks5BytestreamRequest.java:277)
	at org.jivesoftware.smackx.bytestreams.socks5.Socks5BytestreamRequest.accept(Socks5BytestreamRequest.java:247)
	at org.jivesoftware.smackx.bytestreams.socks5.Socks5BytestreamRequest.accept(Socks5BytestreamRequest.java:34)
	at de.fu_berlin.inf.dpp.net.internal.Socks5Transport.handleResponse(Socks5Transport.java:315)
	at de.fu_berlin.inf.dpp.net.internal.Socks5Transport.acceptRequest(Socks5Transport.java:471)
	at de.fu_berlin.inf.dpp.net.internal.ByteStreamTransport$1.incomingBytestreamRequest(ByteStreamTransport.java:77)
	at org.jivesoftware.smackx.bytestreams.socks5.InitiationListener.processRequest(InitiationListener.java:91)
	at org.jivesoftware.smackx.bytestreams.socks5.InitiationListener.access$000(InitiationListener.java:37)
	at org.jivesoftware.smackx.bytestreams.socks5.InitiationListener$1.run(InitiationListener.java:63)
	at java.util.concurrent.ThreadPoolExecutor.runWorker(Unknown Source)
	at java.util.concurrent.ThreadPoolExecutor$Worker.run(Unknown Source)
	at java.lang.Thread.run(Unknown Source)
WARN  2016-07-10 18:26:45,431 (Socks5Transport.java:544) [SOCKS5Transport] could not establish a connection to sergidelrio@saros-con.imp.fu-berlin.de/Saros, remote side could not connect to any offered stream hosts: item-not-found(404) Could not establish socket with any provided host
WARN  2016-07-10 18:27:15,433 (DataTransferManager.java:415) failed to connect to sergidelrio@saros-con.imp.fu-berlin.de/Saros using transport: XMPP-Socks5-Transport
java.io.IOException: [SOCKS5Transport] waiting for a response session timed out (30000ms) and could not establish a connection from this side, too:
	at de.fu_berlin.inf.dpp.net.internal.Socks5Transport.establishBinaryChannel(Socks5Transport.java:592)
	at de.fu_berlin.inf.dpp.net.internal.ByteStreamTransport.connect(ByteStreamTransport.java:48)
	at de.fu_berlin.inf.dpp.net.internal.DataTransferManager.connectInternal(DataTransferManager.java:412)
	at de.fu_berlin.inf.dpp.net.internal.DataTransferManager.sendData(DataTransferManager.java:242)
	at de.fu_berlin.inf.dpp.net.internal.XMPPTransmitter.send(XMPPTransmitter.java:88)
	at de.fu_berlin.inf.dpp.net.internal.XMPPTransmitter.send(XMPPTransmitter.java:64)
	at de.fu_berlin.inf.dpp.whiteboard.net.SarosSXETransmitter.sendWithoutDispatch(SarosSXETransmitter.java:137)
	at de.fu_berlin.inf.dpp.whiteboard.net.SarosSXETransmitter.sendAndAwait(SarosSXETransmitter.java:162)
	at de.fu_berlin.inf.dpp.whiteboard.sxe.net.SXEOutgoingSynchronizationProcess.start(SXEOutgoingSynchronizationProcess.java:58)
	at de.fu_berlin.inf.dpp.whiteboard.net.WhiteboardManager$1.postOutgoingInvitationCompleted(WhiteboardManager.java:96)
	at de.fu_berlin.inf.dpp.project.SarosSessionManager.postOutgoingInvitationCompleted(SarosSessionManager.java:667)
	at de.fu_berlin.inf.dpp.negotiation.OutgoingSessionNegotiation.start(OutgoingSessionNegotiation.java:202)
	at de.fu_berlin.inf.dpp.ui.eventhandler.NegotiationHandler$OutgoingInvitationJob.run(NegotiationHandler.java:86)
	at org.eclipse.core.internal.jobs.Worker.run(Worker.java:55)
Caused by: item-not-found(404) Could not establish socket with any provided host
	at org.jivesoftware.smack.util.SyncPacketSend.getReply(SyncPacketSend.java:54)
	at org.jivesoftware.smackx.bytestreams.socks5.Socks5BytestreamManager.establishSession(Socks5BytestreamManager.java:481)
	at org.jivesoftware.smackx.bytestreams.socks5.Socks5BytestreamManager.establishSession(Socks5BytestreamManager.java:83)
	at de.fu_berlin.inf.dpp.net.internal.Socks5Transport.establishBinaryChannel(Socks5Transport.java:512)
	... 13 more
WARN  2016-07-10 18:28:48,613 (Socks5Transport.java:411) [SOCKS5Transport] Couldn't accept request but still trying to establish a response connection: Could not establish socket with any provided host
ERROR 2016-07-10 18:28:57,399 (Socks5Transport.java:440) An error occurred while establishing a response connection 
item-not-found(404) Could not establish socket with any provided host
	at org.jivesoftware.smack.util.SyncPacketSend.getReply(SyncPacketSend.java:54)
	at org.jivesoftware.smackx.bytestreams.socks5.Socks5BytestreamManager.establishSession(Socks5BytestreamManager.java:481)
	at org.jivesoftware.smackx.bytestreams.socks5.Socks5BytestreamManager.establishSession(Socks5BytestreamManager.java:83)
	at de.fu_berlin.inf.dpp.net.internal.Socks5Transport.establishResponseSession(Socks5Transport.java:631)
	at de.fu_berlin.inf.dpp.net.internal.Socks5Transport$1.call(Socks5Transport.java:108)
	at de.fu_berlin.inf.dpp.net.internal.Socks5Transport$1.call(Socks5Transport.java:1)
	at java.util.concurrent.FutureTask.run(Unknown Source)
	at java.util.concurrent.ThreadPoolExecutor.runWorker(Unknown Source)
	at java.util.concurrent.ThreadPoolExecutor$Worker.run(Unknown Source)
	at java.lang.Thread.run(Unknown Source)
ERROR 2016-07-10 18:28:57,402 (ByteStreamTransport.java:105) could not establish bytestream connection to davidpujol@saros-con.imp.fu-berlin.de/Saros
java.io.IOException: [SOCKS5Transport] Neither connection could be established. 
	at de.fu_berlin.inf.dpp.net.internal.Socks5Transport.acceptNewRequest(Socks5Transport.java:446)
	at de.fu_berlin.inf.dpp.net.internal.Socks5Transport.acceptRequest(Socks5Transport.java:474)
	at de.fu_berlin.inf.dpp.net.internal.ByteStreamTransport$1.incomingBytestreamRequest(ByteStreamTransport.java:77)
	at org.jivesoftware.smackx.bytestreams.socks5.InitiationListener.processRequest(InitiationListener.java:91)
	at org.jivesoftware.smackx.bytestreams.socks5.InitiationListener.access$000(InitiationListener.java:37)
	at org.jivesoftware.smackx.bytestreams.socks5.InitiationListener$1.run(InitiationListener.java:63)
	at java.util.concurrent.ThreadPoolExecutor.runWorker(Unknown Source)
	at java.util.concurrent.ThreadPoolExecutor$Worker.run(Unknown Source)
	at java.lang.Thread.run(Unknown Source)
ERROR 2016-07-10 18:29:27,885 (ByteStreamTransport.java:105) could not establish bytestream connection to davidpujol@saros-con.imp.fu-berlin.de/Saros
Could not establish socket with any provided host: item-not-found(404) Could not establish socket with any provided host
	at org.jivesoftware.smackx.bytestreams.socks5.Socks5BytestreamRequest.cancelRequest(Socks5BytestreamRequest.java:277)
	at org.jivesoftware.smackx.bytestreams.socks5.Socks5BytestreamRequest.accept(Socks5BytestreamRequest.java:247)
	at org.jivesoftware.smackx.bytestreams.socks5.Socks5BytestreamRequest.accept(Socks5BytestreamRequest.java:34)
	at de.fu_berlin.inf.dpp.net.internal.Socks5Transport.handleResponse(Socks5Transport.java:315)
	at de.fu_berlin.inf.dpp.net.internal.Socks5Transport.acceptRequest(Socks5Transport.java:471)
	at de.fu_berlin.inf.dpp.net.internal.ByteStreamTransport$1.incomingBytestreamRequest(ByteStreamTransport.java:77)
	at org.jivesoftware.smackx.bytestreams.socks5.InitiationListener.processRequest(InitiationListener.java:91)
	at org.jivesoftware.smackx.bytestreams.socks5.InitiationListener.access$000(InitiationListener.java:37)
	at org.jivesoftware.smackx.bytestreams.socks5.InitiationListener$1.run(InitiationListener.java:63)
	at java.util.concurrent.ThreadPoolExecutor.runWorker(Unknown Source)
	at java.util.concurrent.ThreadPoolExecutor$Worker.run(Unknown Source)
	at java.lang.Thread.run(Unknown Source)
WARN  2016-07-10 18:29:35,561 (Socks5Transport.java:544) [SOCKS5Transport] could not establish a connection to davidpujol@saros-con.imp.fu-berlin.de/Saros, remote side could not connect to any offered stream hosts: item-not-found(404) Could not establish socket with any provided host
WARN  2016-07-10 18:30:05,565 (DataTransferManager.java:415) failed to connect to davidpujol@saros-con.imp.fu-berlin.de/Saros using transport: XMPP-Socks5-Transport
java.io.IOException: [SOCKS5Transport] waiting for a response session timed out (30000ms) and could not establish a connection from this side, too:
	at de.fu_berlin.inf.dpp.net.internal.Socks5Transport.establishBinaryChannel(Socks5Transport.java:592)
	at de.fu_berlin.inf.dpp.net.internal.ByteStreamTransport.connect(ByteStreamTransport.java:48)
	at de.fu_berlin.inf.dpp.net.internal.DataTransferManager.connectInternal(DataTransferManager.java:412)
	at de.fu_berlin.inf.dpp.net.internal.DataTransferManager.sendData(DataTransferManager.java:242)
	at de.fu_berlin.inf.dpp.net.internal.XMPPTransmitter.send(XMPPTransmitter.java:88)
	at de.fu_berlin.inf.dpp.net.internal.XMPPTransmitter.send(XMPPTransmitter.java:64)
	at de.fu_berlin.inf.dpp.whiteboard.net.SarosSXETransmitter.sendWithoutDispatch(SarosSXETransmitter.java:137)
	at de.fu_berlin.inf.dpp.whiteboard.net.SarosSXETransmitter.sendAndAwait(SarosSXETransmitter.java:162)
	at de.fu_berlin.inf.dpp.whiteboard.sxe.net.SXEOutgoingSynchronizationProcess.start(SXEOutgoingSynchronizationProcess.java:58)
	at de.fu_berlin.inf.dpp.whiteboard.net.WhiteboardManager$1.postOutgoingInvitationCompleted(WhiteboardManager.java:96)
	at de.fu_berlin.inf.dpp.project.SarosSessionManager.postOutgoingInvitationCompleted(SarosSessionManager.java:667)
	at de.fu_berlin.inf.dpp.negotiation.OutgoingSessionNegotiation.start(OutgoingSessionNegotiation.java:202)
	at de.fu_berlin.inf.dpp.ui.eventhandler.NegotiationHandler$OutgoingInvitationJob.run(NegotiationHandler.java:86)
	at org.eclipse.core.internal.jobs.Worker.run(Worker.java:55)
Caused by: item-not-found(404) Could not establish socket with any provided host
	at org.jivesoftware.smack.util.SyncPacketSend.getReply(SyncPacketSend.java:54)
	at org.jivesoftware.smackx.bytestreams.socks5.Socks5BytestreamManager.establishSession(Socks5BytestreamManager.java:481)
	at org.jivesoftware.smackx.bytestreams.socks5.Socks5BytestreamManager.establishSession(Socks5BytestreamManager.java:83)
	at de.fu_berlin.inf.dpp.net.internal.Socks5Transport.establishBinaryChannel(Socks5Transport.java:512)
	... 13 more
WARN  2016-07-10 18:41:44,894 (FileUtils.java:217) could not get content of file /ThreeSquareV1.1/src/resources/titol.png
WARN  2016-07-10 18:48:46,076 (FileUtils.java:217) could not get content of file /ThreeSquareV1.1/src/resources/SUBTITOL.png
WARN  2016-07-10 19:28:40,215 (FileUtils.java:217) could not get content of file /ThreeSquareV1.1/src/resources/x.png
WARN  2016-07-10 19:33:05,996 (FileUtils.java:217) could not get content of file /ThreeSquareV1.1/src/resources/o.png
WARN  2016-07-10 19:42:56,003 (FileUtils.java:217) could not get content of file /ThreeSquareV1.1/src/resources/o_vermell.png
WARN  2016-07-10 19:43:44,202 (FileUtils.java:217) could not get content of file /ThreeSquareV1.1/src/resources/x_blau.png
WARN  2016-07-10 20:11:37,577 (FileUtils.java:217) could not get content of file /ThreeSquareV1.1/src/resources/icon.png
WARN  2016-07-10 20:15:45,533 (FileUtils.java:217) could not get content of file /ThreeSquareV1.1/src/resources/icon.png
WARN  2016-07-10 20:16:14,143 (FileUtils.java:217) could not get content of file /ThreeSquareV1.1/src/resources/icon.png
WARN  2016-07-10 20:32:26,362 (UserInformationHandler.java:213) failed to synchronize user list with user(s) [sergidelrio@saros-con.imp.fu-berlin.de/Saros]
ERROR 2016-07-10 20:32:26,362 (SarosSession.java:536) could not synchronize user list properly, following users did not respond: sergidelrio@saros-con.imp.fu-berlin.de/Saros
ERROR 2016-07-10 20:36:48,921 (ServerSessionTimeoutHandler.java:127) no pong received from user sergidelrio@saros-con.imp.fu-berlin.de/Saros, reached timeout = 300000
WARN  2016-07-10 20:38:00,267 (Socks5Transport.java:411) [SOCKS5Transport] Couldn't accept request but still trying to establish a response connection: Could not establish socket with any provided host
ERROR 2016-07-10 20:38:00,267 (Socks5Transport.java:440) An error occurred while establishing a response connection 
item-not-found(404) Could not establish socket with any provided host
	at org.jivesoftware.smack.util.SyncPacketSend.getReply(SyncPacketSend.java:54)
	at org.jivesoftware.smackx.bytestreams.socks5.Socks5BytestreamManager.establishSession(Socks5BytestreamManager.java:481)
	at org.jivesoftware.smackx.bytestreams.socks5.Socks5BytestreamManager.establishSession(Socks5BytestreamManager.java:83)
	at de.fu_berlin.inf.dpp.net.internal.Socks5Transport.establishResponseSession(Socks5Transport.java:631)
	at de.fu_berlin.inf.dpp.net.internal.Socks5Transport$1.call(Socks5Transport.java:108)
	at de.fu_berlin.inf.dpp.net.internal.Socks5Transport$1.call(Socks5Transport.java:1)
	at java.util.concurrent.FutureTask.run(Unknown Source)
	at java.util.concurrent.ThreadPoolExecutor.runWorker(Unknown Source)
	at java.util.concurrent.ThreadPoolExecutor$Worker.run(Unknown Source)
	at java.lang.Thread.run(Unknown Source)
ERROR 2016-07-10 20:38:00,269 (ByteStreamTransport.java:105) could not establish bytestream connection to sergidelrio@saros-con.imp.fu-berlin.de/Saros
java.io.IOException: [SOCKS5Transport] Neither connection could be established. 
	at de.fu_berlin.inf.dpp.net.internal.Socks5Transport.acceptNewRequest(Socks5Transport.java:446)
	at de.fu_berlin.inf.dpp.net.internal.Socks5Transport.acceptRequest(Socks5Transport.java:474)
	at de.fu_berlin.inf.dpp.net.internal.ByteStreamTransport$1.incomingBytestreamRequest(ByteStreamTransport.java:77)
	at org.jivesoftware.smackx.bytestreams.socks5.InitiationListener.processRequest(InitiationListener.java:91)
	at org.jivesoftware.smackx.bytestreams.socks5.InitiationListener.access$000(InitiationListener.java:37)
	at org.jivesoftware.smackx.bytestreams.socks5.InitiationListener$1.run(InitiationListener.java:63)
	at java.util.concurrent.ThreadPoolExecutor.runWorker(Unknown Source)
	at java.util.concurrent.ThreadPoolExecutor$Worker.run(Unknown Source)
	at java.lang.Thread.run(Unknown Source)
WARN  2016-07-11 02:50:24,543 (SWTUtils.java:144) could not execute runnable de.fu_berlin.inf.dpp.ui.actions.RemoveUserAction$2$2@816c7b, UI thread is not available
StackTrace:
	at de.fu_berlin.inf.dpp.ui.util.SWTUtils.runSafeSWTAsync(SWTUtils.java:145)
	at de.fu_berlin.inf.dpp.ui.actions.RemoveUserAction$2.sessionEnding(RemoveUserAction.java:64)
	at de.fu_berlin.inf.dpp.project.SarosSessionManager.sessionEnding(SarosSessionManager.java:701)
	at de.fu_berlin.inf.dpp.project.SarosSessionManager.stopSarosSession(SarosSessionManager.java:335)
	at de.fu_berlin.inf.dpp.Saros$1.run(Saros.java:303)
	at de.fu_berlin.inf.dpp.util.ThreadUtils$1.run(ThreadUtils.java:38)
	at java.lang.Thread.run(Unknown Source)
WARN  2016-07-11 02:50:24,544 (SWTSynchronizer.java:55) could not execute runnable de.fu_berlin.inf.dpp.concurrent.watchdog.ConsistencyWatchdogServer$2@7037649b, UI thread is not available
StackTrace:
	at de.fu_berlin.inf.dpp.synchronize.internal.SWTSynchronizer.exec(SWTSynchronizer.java:56)
	at de.fu_berlin.inf.dpp.synchronize.internal.SWTSynchronizer.asyncExec(SWTSynchronizer.java:20)
	at de.fu_berlin.inf.dpp.concurrent.watchdog.ConsistencyWatchdogServer.stop(ConsistencyWatchdogServer.java:145)
	at sun.reflect.GeneratedMethodAccessor60.invoke(Unknown Source)
	at sun.reflect.DelegatingMethodAccessorImpl.invoke(Unknown Source)
	at java.lang.reflect.Method.invoke(Unknown Source)
	at org.picocontainer.lifecycle.StartableLifecycleStrategy.doLifecycleMethod(StartableLifecycleStrategy.java:101)
	at org.picocontainer.lifecycle.StartableLifecycleStrategy.stopComponent(StartableLifecycleStrategy.java:113)
	at org.picocontainer.lifecycle.StartableLifecycleStrategy.stop(StartableLifecycleStrategy.java:126)
	at org.picocontainer.injectors.AbstractInjectionFactory$LifecycleAdapter.stop(AbstractInjectionFactory.java:88)
	at org.picocontainer.behaviors.AbstractBehavior.stop(AbstractBehavior.java:179)
	at org.picocontainer.behaviors.Stored$RealComponentLifecycle.stop(Stored.java:141)
	at org.picocontainer.behaviors.Stored.stop(Stored.java:118)
	at org.picocontainer.DefaultPicoContainer.stopAdapters(DefaultPicoContainer.java:1036)
	at org.picocontainer.DefaultPicoContainer.stop(DefaultPicoContainer.java:791)
	at de.fu_berlin.inf.dpp.project.internal.SarosSession.stop(SarosSession.java:639)
	at de.fu_berlin.inf.dpp.project.SarosSessionManager.stopSarosSession(SarosSessionManager.java:340)
	at de.fu_berlin.inf.dpp.Saros$1.run(Saros.java:303)
	at de.fu_berlin.inf.dpp.util.ThreadUtils$1.run(ThreadUtils.java:38)
	at java.lang.Thread.run(Unknown Source)
WARN  2016-07-11 02:50:24,547 (SWTUtils.java:193) could not execute runnable de.fu_berlin.inf.dpp.editor.EditorManager$3$1@684fe2b6, UI thread is not available
StackTrace:
	at de.fu_berlin.inf.dpp.ui.util.SWTUtils.runSafeSWTSync(SWTUtils.java:194)
	at de.fu_berlin.inf.dpp.editor.EditorManager$3.execute(EditorManager.java:262)
	at de.fu_berlin.inf.dpp.editor.EditorManager$3.unblock(EditorManager.java:253)
	at de.fu_berlin.inf.dpp.synchronize.StopManager.lockSession(StopManager.java:408)
	at de.fu_berlin.inf.dpp.synchronize.StopManager.stop(StopManager.java:579)
	at sun.reflect.GeneratedMethodAccessor60.invoke(Unknown Source)
	at sun.reflect.DelegatingMethodAccessorImpl.invoke(Unknown Source)
	at java.lang.reflect.Method.invoke(Unknown Source)
	at org.picocontainer.lifecycle.StartableLifecycleStrategy.doLifecycleMethod(StartableLifecycleStrategy.java:101)
	at org.picocontainer.lifecycle.StartableLifecycleStrategy.stopComponent(StartableLifecycleStrategy.java:113)
	at org.picocontainer.lifecycle.StartableLifecycleStrategy.stop(StartableLifecycleStrategy.java:126)
	at org.picocontainer.injectors.AbstractInjectionFactory$LifecycleAdapter.stop(AbstractInjectionFactory.java:88)
	at org.picocontainer.behaviors.AbstractBehavior.stop(AbstractBehavior.java:179)
	at org.picocontainer.behaviors.Stored$RealComponentLifecycle.stop(Stored.java:141)
	at org.picocontainer.behaviors.Stored.stop(Stored.java:118)
	at org.picocontainer.DefaultPicoContainer.stopAdapters(DefaultPicoContainer.java:1036)
	at org.picocontainer.DefaultPicoContainer.stop(DefaultPicoContainer.java:791)
	at de.fu_berlin.inf.dpp.project.internal.SarosSession.stop(SarosSession.java:639)
	at de.fu_berlin.inf.dpp.project.SarosSessionManager.stopSarosSession(SarosSessionManager.java:340)
	at de.fu_berlin.inf.dpp.Saros$1.run(Saros.java:303)
	at de.fu_berlin.inf.dpp.util.ThreadUtils$1.run(ThreadUtils.java:38)
	at java.lang.Thread.run(Unknown Source)
ERROR 2016-07-11 02:50:24,943 (BinaryChannelConnection.java:115) [mode=IBB, id=saros-main-session] sergidelrio@saros-con.imp.fu-berlin.de/Saros network error: Stream is closed
java.io.IOException: Stream is closed
	at org.jivesoftware.smackx.bytestreams.ibb.InBandBytestreamSession$IBBInputStream.checkClosed(InBandBytestreamSession.java:395)
	at org.jivesoftware.smackx.bytestreams.ibb.InBandBytestreamSession$IBBInputStream.read(InBandBytestreamSession.java:305)
	at java.io.BufferedInputStream.fill(Unknown Source)
	at java.io.BufferedInputStream.read(Unknown Source)
	at java.io.DataInputStream.readUnsignedByte(Unknown Source)
	at de.fu_berlin.inf.dpp.net.internal.BinaryChannelConnection.readNextXMPPExtension(BinaryChannelConnection.java:347)
	at de.fu_berlin.inf.dpp.net.internal.BinaryChannelConnection.access$2(BinaryChannelConnection.java:343)
	at de.fu_berlin.inf.dpp.net.internal.BinaryChannelConnection$ReceiverThread.run(BinaryChannelConnection.java:106)
WARN  2016-07-11 02:50:25,002 (SWTUtils.java:193) could not execute runnable de.fu_berlin.inf.dpp.editor.EditorManager$5$2@464c37a9, UI thread is not available
StackTrace:
	at de.fu_berlin.inf.dpp.ui.util.SWTUtils.runSafeSWTSync(SWTUtils.java:194)
	at de.fu_berlin.inf.dpp.editor.EditorManager$5.sessionEnded(EditorManager.java:358)
	at de.fu_berlin.inf.dpp.project.SarosSessionManager.sessionEnded(SarosSessionManager.java:711)
	at de.fu_berlin.inf.dpp.project.SarosSessionManager.stopSarosSession(SarosSessionManager.java:347)
	at de.fu_berlin.inf.dpp.Saros$1.run(Saros.java:303)
	at de.fu_berlin.inf.dpp.util.ThreadUtils$1.run(ThreadUtils.java:38)
	at java.lang.Thread.run(Unknown Source)
WARN  2016-07-11 02:50:25,004 (SWTUtils.java:144) could not execute runnable de.fu_berlin.inf.dpp.ui.views.SarosView$11@13531cf2, UI thread is not available
StackTrace:
	at de.fu_berlin.inf.dpp.ui.util.SWTUtils.runSafeSWTAsync(SWTUtils.java:145)
	at de.fu_berlin.inf.dpp.ui.views.SarosView.clearNotifications(SarosView.java:695)
	at de.fu_berlin.inf.dpp.ui.eventhandler.HostLeftAloneInSessionHandler$1.sessionEnded(HostLeftAloneInSessionHandler.java:46)
	at de.fu_berlin.inf.dpp.project.SarosSessionManager.sessionEnded(SarosSessionManager.java:711)
	at de.fu_berlin.inf.dpp.project.SarosSessionManager.stopSarosSession(SarosSessionManager.java:347)
	at de.fu_berlin.inf.dpp.Saros$1.run(Saros.java:303)
	at de.fu_berlin.inf.dpp.util.ThreadUtils$1.run(ThreadUtils.java:38)
	at java.lang.Thread.run(Unknown Source)
WARN  2016-07-11 02:50:25,617 (SWTUtils.java:144) could not execute runnable de.fu_berlin.inf.dpp.ui.widgets.chat.ChatControl$5$4@4a884399, UI thread is not available
StackTrace:
	at de.fu_berlin.inf.dpp.ui.util.SWTUtils.runSafeSWTAsync(SWTUtils.java:145)
	at de.fu_berlin.inf.dpp.ui.widgets.chat.ChatControl$5.disconnected(ChatControl.java:301)
	at de.fu_berlin.inf.dpp.communication.chat.AbstractChat.notifyJIDDisconnected(AbstractChat.java:72)
	at de.fu_berlin.inf.dpp.communication.chat.single.SingleUserChat.setConnected(SingleUserChat.java:125)
	at de.fu_berlin.inf.dpp.communication.chat.single.SingleUserChatService$1.connectionStateChanged(SingleUserChatService.java:60)
	at de.fu_berlin.inf.dpp.net.xmpp.XMPPConnectionService.setConnectionState(XMPPConnectionService.java:405)
	at de.fu_berlin.inf.dpp.net.xmpp.XMPPConnectionService.disconnect(XMPPConnectionService.java:304)
	at de.fu_berlin.inf.dpp.communication.connection.ConnectionHandler.disconnectXMPPInternal(ConnectionHandler.java:225)
	at de.fu_berlin.inf.dpp.communication.connection.ConnectionHandler.disconnect(ConnectionHandler.java:211)
	at de.fu_berlin.inf.dpp.Saros$1.run(Saros.java:304)
	at de.fu_berlin.inf.dpp.util.ThreadUtils$1.run(ThreadUtils.java:38)
	at java.lang.Thread.run(Unknown Source)
WARN  2016-07-11 02:50:25,618 (SWTUtils.java:144) could not execute runnable de.fu_berlin.inf.dpp.ui.widgets.chat.ChatControl$5$4@ca98ecb, UI thread is not available
StackTrace:
	at de.fu_berlin.inf.dpp.ui.util.SWTUtils.runSafeSWTAsync(SWTUtils.java:145)
	at de.fu_berlin.inf.dpp.ui.widgets.chat.ChatControl$5.disconnected(ChatControl.java:301)
	at de.fu_berlin.inf.dpp.communication.chat.AbstractChat.notifyJIDDisconnected(AbstractChat.java:72)
	at de.fu_berlin.inf.dpp.communication.chat.single.SingleUserChat.setConnected(SingleUserChat.java:126)
	at de.fu_berlin.inf.dpp.communication.chat.single.SingleUserChatService$1.connectionStateChanged(SingleUserChatService.java:60)
	at de.fu_berlin.inf.dpp.net.xmpp.XMPPConnectionService.setConnectionState(XMPPConnectionService.java:405)
	at de.fu_berlin.inf.dpp.net.xmpp.XMPPConnectionService.disconnect(XMPPConnectionService.java:304)
	at de.fu_berlin.inf.dpp.communication.connection.ConnectionHandler.disconnectXMPPInternal(ConnectionHandler.java:225)
	at de.fu_berlin.inf.dpp.communication.connection.ConnectionHandler.disconnect(ConnectionHandler.java:211)
	at de.fu_berlin.inf.dpp.Saros$1.run(Saros.java:304)
	at de.fu_berlin.inf.dpp.util.ThreadUtils$1.run(ThreadUtils.java:38)
	at java.lang.Thread.run(Unknown Source)
